<?xml version="1.0" encoding="UTF-8"?>
<testsuite xmlns:xsi="http://www.w3.org/2001/XMLSchema-instance" xsi:noNamespaceSchemaLocation="https://maven.apache.org/surefire/maven-surefire-plugin/xsd/surefire-test-report-3.0.xsd" version="3.0" name="Scenario: User search leave on the list" time="112.62" tests="16" errors="0" skipped="0" failures="0">
  <properties>
    <property name="java.specification.version" value="15"/>
    <property name="webdriver.chrome.driver" value="/Users/chromedriver"/>
    <property name="sun.jnu.encoding" value="UTF-8"/>
    <property name="java.class.path" value="/Users/muhammadsyihab/Desktop/Materi Sekolah QA/BigProject/target/test-classes:/Users/muhammadsyihab/Desktop/Materi Sekolah QA/BigProject/target/classes:/Users/muhammadsyihab/.m2/repository/info/cukes/cucumber-java/1.2.5/cucumber-java-1.2.5.jar:/Users/muhammadsyihab/.m2/repository/info/cukes/cucumber-core/1.2.5/cucumber-core-1.2.5.jar:/Users/muhammadsyihab/.m2/repository/info/cukes/cucumber-html/0.2.3/cucumber-html-0.2.3.jar:/Users/muhammadsyihab/.m2/repository/info/cukes/cucumber-jvm-deps/1.0.5/cucumber-jvm-deps-1.0.5.jar:/Users/muhammadsyihab/.m2/repository/info/cukes/gherkin/2.12.2/gherkin-2.12.2.jar:/Users/muhammadsyihab/.m2/repository/info/cukes/cucumber-junit/1.2.5/cucumber-junit-1.2.5.jar:/Users/muhammadsyihab/.m2/repository/org/seleniumhq/selenium/selenium-java/3.141.59/selenium-java-3.141.59.jar:/Users/muhammadsyihab/.m2/repository/org/seleniumhq/selenium/selenium-api/3.141.59/selenium-api-3.141.59.jar:/Users/muhammadsyihab/.m2/repository/org/seleniumhq/selenium/selenium-chrome-driver/3.141.59/selenium-chrome-driver-3.141.59.jar:/Users/muhammadsyihab/.m2/repository/org/seleniumhq/selenium/selenium-edge-driver/3.141.59/selenium-edge-driver-3.141.59.jar:/Users/muhammadsyihab/.m2/repository/org/seleniumhq/selenium/selenium-firefox-driver/3.141.59/selenium-firefox-driver-3.141.59.jar:/Users/muhammadsyihab/.m2/repository/org/seleniumhq/selenium/selenium-ie-driver/3.141.59/selenium-ie-driver-3.141.59.jar:/Users/muhammadsyihab/.m2/repository/org/seleniumhq/selenium/selenium-opera-driver/3.141.59/selenium-opera-driver-3.141.59.jar:/Users/muhammadsyihab/.m2/repository/org/seleniumhq/selenium/selenium-remote-driver/3.141.59/selenium-remote-driver-3.141.59.jar:/Users/muhammadsyihab/.m2/repository/org/seleniumhq/selenium/selenium-safari-driver/3.141.59/selenium-safari-driver-3.141.59.jar:/Users/muhammadsyihab/.m2/repository/org/seleniumhq/selenium/selenium-support/3.141.59/selenium-support-3.141.59.jar:/Users/muhammadsyihab/.m2/repository/net/bytebuddy/byte-buddy/1.8.15/byte-buddy-1.8.15.jar:/Users/muhammadsyihab/.m2/repository/org/apache/commons/commons-exec/1.3/commons-exec-1.3.jar:/Users/muhammadsyihab/.m2/repository/com/google/guava/guava/25.0-jre/guava-25.0-jre.jar:/Users/muhammadsyihab/.m2/repository/com/google/code/findbugs/jsr305/1.3.9/jsr305-1.3.9.jar:/Users/muhammadsyihab/.m2/repository/org/checkerframework/checker-compat-qual/2.0.0/checker-compat-qual-2.0.0.jar:/Users/muhammadsyihab/.m2/repository/com/google/errorprone/error_prone_annotations/2.1.3/error_prone_annotations-2.1.3.jar:/Users/muhammadsyihab/.m2/repository/com/google/j2objc/j2objc-annotations/1.1/j2objc-annotations-1.1.jar:/Users/muhammadsyihab/.m2/repository/org/codehaus/mojo/animal-sniffer-annotations/1.14/animal-sniffer-annotations-1.14.jar:/Users/muhammadsyihab/.m2/repository/com/squareup/okhttp3/okhttp/3.11.0/okhttp-3.11.0.jar:/Users/muhammadsyihab/.m2/repository/com/squareup/okio/okio/1.14.0/okio-1.14.0.jar:/Users/muhammadsyihab/.m2/repository/junit/junit/4.13.1/junit-4.13.1.jar:/Users/muhammadsyihab/.m2/repository/org/hamcrest/hamcrest-core/1.3/hamcrest-core-1.3.jar:/Users/muhammadsyihab/.m2/repository/org/apache/logging/log4j/log4j-core/2.14.0/log4j-core-2.14.0.jar:/Users/muhammadsyihab/.m2/repository/org/apache/logging/log4j/log4j-api/2.14.0/log4j-api-2.14.0.jar:/Users/muhammadsyihab/.m2/repository/org/apache/poi/poi-ooxml/3.9/poi-ooxml-3.9.jar:/Users/muhammadsyihab/.m2/repository/org/apache/poi/poi-ooxml-schemas/3.9/poi-ooxml-schemas-3.9.jar:/Users/muhammadsyihab/.m2/repository/org/apache/xmlbeans/xmlbeans/2.3.0/xmlbeans-2.3.0.jar:/Users/muhammadsyihab/.m2/repository/stax/stax-api/1.0.1/stax-api-1.0.1.jar:/Users/muhammadsyihab/.m2/repository/dom4j/dom4j/1.6.1/dom4j-1.6.1.jar:/Users/muhammadsyihab/.m2/repository/org/apache/poi/poi/5.0.0/poi-5.0.0.jar:/Users/muhammadsyihab/.m2/repository/org/slf4j/slf4j-api/1.7.30/slf4j-api-1.7.30.jar:/Users/muhammadsyihab/.m2/repository/org/slf4j/jcl-over-slf4j/1.7.30/jcl-over-slf4j-1.7.30.jar:/Users/muhammadsyihab/.m2/repository/commons-codec/commons-codec/1.15/commons-codec-1.15.jar:/Users/muhammadsyihab/.m2/repository/org/apache/commons/commons-collections4/4.4/commons-collections4-4.4.jar:/Users/muhammadsyihab/.m2/repository/org/apache/commons/commons-math3/3.6.1/commons-math3-3.6.1.jar:/Users/muhammadsyihab/.m2/repository/com/zaxxer/SparseBitSet/1.2/SparseBitSet-1.2.jar:/Users/muhammadsyihab/.m2/repository/xml-apis/xml-apis/1.0.b2/xml-apis-1.0.b2.jar:/Users/muhammadsyihab/.m2/repository/xerces/xercesImpl/2.12.1/xercesImpl-2.12.1.jar:"/>
    <property name="java.vm.vendor" value="Oracle Corporation"/>
    <property name="sun.arch.data.model" value="64"/>
    <property name="java.vendor.url" value="https://java.oracle.com/"/>
    <property name="user.timezone" value="Asia/Jakarta"/>
    <property name="os.name" value="Mac OS X"/>
    <property name="java.vm.specification.version" value="15"/>
    <property name="sun.java.launcher" value="SUN_STANDARD"/>
    <property name="user.country" value="ID"/>
    <property name="sun.boot.library.path" value="/Library/Java/JavaVirtualMachines/jdk-15.0.2.jdk/Contents/Home/lib"/>
    <property name="sun.java.command" value="/Users/muhammadsyihab/Desktop/Materi Sekolah QA/BigProject/target/surefire/surefirebooter7349415326754394593.jar /Users/muhammadsyihab/Desktop/Materi Sekolah QA/BigProject/target/surefire 2021-05-29T01-41-30_543-jvmRun1 surefire13619296554545406094tmp surefire_012424886930978111869tmp"/>
    <property name="http.nonProxyHosts" value="local|*.local|169.254/16|*.169.254/16"/>
    <property name="jdk.debug" value="release"/>
    <property name="surefire.test.class.path" value="/Users/muhammadsyihab/Desktop/Materi Sekolah QA/BigProject/target/test-classes:/Users/muhammadsyihab/Desktop/Materi Sekolah QA/BigProject/target/classes:/Users/muhammadsyihab/.m2/repository/info/cukes/cucumber-java/1.2.5/cucumber-java-1.2.5.jar:/Users/muhammadsyihab/.m2/repository/info/cukes/cucumber-core/1.2.5/cucumber-core-1.2.5.jar:/Users/muhammadsyihab/.m2/repository/info/cukes/cucumber-html/0.2.3/cucumber-html-0.2.3.jar:/Users/muhammadsyihab/.m2/repository/info/cukes/cucumber-jvm-deps/1.0.5/cucumber-jvm-deps-1.0.5.jar:/Users/muhammadsyihab/.m2/repository/info/cukes/gherkin/2.12.2/gherkin-2.12.2.jar:/Users/muhammadsyihab/.m2/repository/info/cukes/cucumber-junit/1.2.5/cucumber-junit-1.2.5.jar:/Users/muhammadsyihab/.m2/repository/org/seleniumhq/selenium/selenium-java/3.141.59/selenium-java-3.141.59.jar:/Users/muhammadsyihab/.m2/repository/org/seleniumhq/selenium/selenium-api/3.141.59/selenium-api-3.141.59.jar:/Users/muhammadsyihab/.m2/repository/org/seleniumhq/selenium/selenium-chrome-driver/3.141.59/selenium-chrome-driver-3.141.59.jar:/Users/muhammadsyihab/.m2/repository/org/seleniumhq/selenium/selenium-edge-driver/3.141.59/selenium-edge-driver-3.141.59.jar:/Users/muhammadsyihab/.m2/repository/org/seleniumhq/selenium/selenium-firefox-driver/3.141.59/selenium-firefox-driver-3.141.59.jar:/Users/muhammadsyihab/.m2/repository/org/seleniumhq/selenium/selenium-ie-driver/3.141.59/selenium-ie-driver-3.141.59.jar:/Users/muhammadsyihab/.m2/repository/org/seleniumhq/selenium/selenium-opera-driver/3.141.59/selenium-opera-driver-3.141.59.jar:/Users/muhammadsyihab/.m2/repository/org/seleniumhq/selenium/selenium-remote-driver/3.141.59/selenium-remote-driver-3.141.59.jar:/Users/muhammadsyihab/.m2/repository/org/seleniumhq/selenium/selenium-safari-driver/3.141.59/selenium-safari-driver-3.141.59.jar:/Users/muhammadsyihab/.m2/repository/org/seleniumhq/selenium/selenium-support/3.141.59/selenium-support-3.141.59.jar:/Users/muhammadsyihab/.m2/repository/net/bytebuddy/byte-buddy/1.8.15/byte-buddy-1.8.15.jar:/Users/muhammadsyihab/.m2/repository/org/apache/commons/commons-exec/1.3/commons-exec-1.3.jar:/Users/muhammadsyihab/.m2/repository/com/google/guava/guava/25.0-jre/guava-25.0-jre.jar:/Users/muhammadsyihab/.m2/repository/com/google/code/findbugs/jsr305/1.3.9/jsr305-1.3.9.jar:/Users/muhammadsyihab/.m2/repository/org/checkerframework/checker-compat-qual/2.0.0/checker-compat-qual-2.0.0.jar:/Users/muhammadsyihab/.m2/repository/com/google/errorprone/error_prone_annotations/2.1.3/error_prone_annotations-2.1.3.jar:/Users/muhammadsyihab/.m2/repository/com/google/j2objc/j2objc-annotations/1.1/j2objc-annotations-1.1.jar:/Users/muhammadsyihab/.m2/repository/org/codehaus/mojo/animal-sniffer-annotations/1.14/animal-sniffer-annotations-1.14.jar:/Users/muhammadsyihab/.m2/repository/com/squareup/okhttp3/okhttp/3.11.0/okhttp-3.11.0.jar:/Users/muhammadsyihab/.m2/repository/com/squareup/okio/okio/1.14.0/okio-1.14.0.jar:/Users/muhammadsyihab/.m2/repository/junit/junit/4.13.1/junit-4.13.1.jar:/Users/muhammadsyihab/.m2/repository/org/hamcrest/hamcrest-core/1.3/hamcrest-core-1.3.jar:/Users/muhammadsyihab/.m2/repository/org/apache/logging/log4j/log4j-core/2.14.0/log4j-core-2.14.0.jar:/Users/muhammadsyihab/.m2/repository/org/apache/logging/log4j/log4j-api/2.14.0/log4j-api-2.14.0.jar:/Users/muhammadsyihab/.m2/repository/org/apache/poi/poi-ooxml/3.9/poi-ooxml-3.9.jar:/Users/muhammadsyihab/.m2/repository/org/apache/poi/poi-ooxml-schemas/3.9/poi-ooxml-schemas-3.9.jar:/Users/muhammadsyihab/.m2/repository/org/apache/xmlbeans/xmlbeans/2.3.0/xmlbeans-2.3.0.jar:/Users/muhammadsyihab/.m2/repository/stax/stax-api/1.0.1/stax-api-1.0.1.jar:/Users/muhammadsyihab/.m2/repository/dom4j/dom4j/1.6.1/dom4j-1.6.1.jar:/Users/muhammadsyihab/.m2/repository/org/apache/poi/poi/5.0.0/poi-5.0.0.jar:/Users/muhammadsyihab/.m2/repository/org/slf4j/slf4j-api/1.7.30/slf4j-api-1.7.30.jar:/Users/muhammadsyihab/.m2/repository/org/slf4j/jcl-over-slf4j/1.7.30/jcl-over-slf4j-1.7.30.jar:/Users/muhammadsyihab/.m2/repository/commons-codec/commons-codec/1.15/commons-codec-1.15.jar:/Users/muhammadsyihab/.m2/repository/org/apache/commons/commons-collections4/4.4/commons-collections4-4.4.jar:/Users/muhammadsyihab/.m2/repository/org/apache/commons/commons-math3/3.6.1/commons-math3-3.6.1.jar:/Users/muhammadsyihab/.m2/repository/com/zaxxer/SparseBitSet/1.2/SparseBitSet-1.2.jar:/Users/muhammadsyihab/.m2/repository/xml-apis/xml-apis/1.0.b2/xml-apis-1.0.b2.jar:/Users/muhammadsyihab/.m2/repository/xerces/xercesImpl/2.12.1/xercesImpl-2.12.1.jar:"/>
    <property name="sun.cpu.endian" value="little"/>
    <property name="user.home" value="/Users/muhammadsyihab"/>
    <property name="user.language" value="en"/>
    <property name="java.specification.vendor" value="Oracle Corporation"/>
    <property name="java.version.date" value="2021-01-19"/>
    <property name="java.home" value="/Library/Java/JavaVirtualMachines/jdk-15.0.2.jdk/Contents/Home"/>
    <property name="file.separator" value="/"/>
    <property name="basedir" value="/Users/muhammadsyihab/Desktop/Materi Sekolah QA/BigProject"/>
    <property name="java.vm.compressedOopsMode" value="Zero based"/>
    <property name="line.separator" value="&#10;"/>
    <property name="java.specification.name" value="Java Platform API Specification"/>
    <property name="java.vm.specification.vendor" value="Oracle Corporation"/>
    <property name="surefire.real.class.path" value="/Users/muhammadsyihab/Desktop/Materi Sekolah QA/BigProject/target/surefire/surefirebooter7349415326754394593.jar"/>
    <property name="sun.management.compiler" value="HotSpot 64-Bit Tiered Compilers"/>
    <property name="ftp.nonProxyHosts" value="local|*.local|169.254/16|*.169.254/16"/>
    <property name="java.runtime.version" value="15.0.2+7-27"/>
    <property name="user.name" value="muhammadsyihab"/>
    <property name="path.separator" value=":"/>
    <property name="os.version" value="10.16"/>
    <property name="java.runtime.name" value="Java(TM) SE Runtime Environment"/>
    <property name="file.encoding" value="UTF-8"/>
    <property name="java.vm.name" value="Java HotSpot(TM) 64-Bit Server VM"/>
    <property name="localRepository" value="/Users/muhammadsyihab/.m2/repository"/>
    <property name="java.vendor.url.bug" value="https://bugreport.java.com/bugreport/"/>
    <property name="java.io.tmpdir" value="/var/folders/g_/94h63hbj2mvfc_nt9gfc6v4r0000gn/T/"/>
    <property name="java.version" value="15.0.2"/>
    <property name="user.dir" value="/Users/muhammadsyihab/Desktop/Materi Sekolah QA/BigProject"/>
    <property name="os.arch" value="x86_64"/>
    <property name="java.vm.specification.name" value="Java Virtual Machine Specification"/>
    <property name="java.library.path" value="/Users/muhammadsyihab/Library/Java/Extensions:/Library/Java/Extensions:/Network/Library/Java/Extensions:/System/Library/Java/Extensions:/usr/lib/java:."/>
    <property name="java.vm.info" value="mixed mode, sharing"/>
    <property name="java.vendor" value="Oracle Corporation"/>
    <property name="java.vm.version" value="15.0.2+7-27"/>
    <property name="sun.io.unicode.encoding" value="UnicodeBig"/>
    <property name="socksNonProxyHosts" value="local|*.local|169.254/16|*.169.254/16"/>
    <property name="java.class.version" value="59.0"/>
  </properties>
  <testcase name="Given User 6 on homepage with authorization using &quot;Admin&quot; as username &amp; &quot;s3Kol4HQA!*&quot; as password" classname="Scenario: User  failed to assign leave" time="0">
    <system-out><![CDATA[@Leave
Feature: User can Assign & search Leave
Called openBrowser
]]></system-out>
    <system-err><![CDATA[Starting ChromeDriver 89.0.4389.23 (61b08ee2c50024bab004e48d2b1b083cdbdac579-refs/branch-heads/4389@{#294}) on port 8806
Only local connections are allowed.
Please see https://chromedriver.chromium.org/security-considerations for suggestions on keeping ChromeDriver safe.
ChromeDriver was started successfully.
[1622227293.464][WARNING]: This version of ChromeDriver has not been tested with Chrome version 90.
May 29, 2021 1:41:33 AM org.openqa.selenium.remote.ProtocolHandshake createSession
INFO: Detected dialect: W3C
]]></system-err>
  </testcase>
  <testcase name="When User 6 click leave button &amp; assign leave button" classname="Scenario: User  failed to assign leave" time="0"/>
  <testcase name="And User input &quot;asal&quot; as xEmployeeNameToLeave &amp; select leave type &amp; input &quot;2021-05-28&quot; as leaveFromDate &amp; select partialDays &amp; input &quot;2021-05-28&quot; as leaveToDate &amp; input &quot;mudik&quot; as commentLeave &amp; click assign button" classname="Scenario: User  failed to assign leave" time="0"/>
  <testcase name="Then User cant assign leave and get error Message bellow employee name" classname="Scenario: User  failed to assign leave" time="0"/>
  <testcase name="" classname="Scenario: User  failed to assign leave" time="0.16"/>
  <testcase name="Given User 7 on homepage with authorization using &quot;Admin&quot; as username &amp; &quot;s3Kol4HQA!*&quot; as password" classname="Scenario: User successfully assign leave" time="0">
    <system-out><![CDATA[Called openBrowser

  @assignLeave @negativeLeave
  Scenario: User  failed to assign leave                                                                                                                                                                                   &amp#27;[90m# features/leavePage.feature:5&amp#27;[0m
    &amp#27;[32mGiven &amp#27;[0m&amp#27;[32mUser 6 on homepage with authorization using "&amp#27;[0m&amp#27;[32m&amp#27;[1mAdmin&amp#27;[0m&amp#27;[32m" as username & "&amp#27;[0m&amp#27;[32m&amp#27;[1ms3Kol4HQA!*&amp#27;[0m&amp#27;[32m" as password&amp#27;[0m                                                                                                                      &amp#27;[90m# leaveStep.VisitLoginPage4(String,String)&amp#27;[0m
    &amp#27;[32mWhen &amp#27;[0m&amp#27;[32mUser 6 click leave button & assign leave button&amp#27;[0m                                                                                                                                                                   &amp#27;[90m# leaveStep.goToAssignLeave1()&amp#27;[0m
    &amp#27;[32mAnd &amp#27;[0m&amp#27;[32mUser input "&amp#27;[0m&amp#27;[32m&amp#27;[1masal&amp#27;[0m&amp#27;[32m" as xEmployeeNameToLeave & select leave type & input "&amp#27;[0m&amp#27;[32m&amp#27;[1m2021-05-28&amp#27;[0m&amp#27;[32m" as leaveFromDate & select partialDays & input "&amp#27;[0m&amp#27;[32m&amp#27;[1m2021-05-28&amp#27;[0m&amp#27;[32m" as leaveToDate & input "&amp#27;[0m&amp#27;[32m&amp#27;[1mmudik&amp#27;[0m&amp#27;[32m" as commentLeave & click assign button&amp#27;[0m &amp#27;[90m# leaveStep.inputFailedAssign(String,String,String,String)&amp#27;[0m
    &amp#27;[32mThen &amp#27;[0m&amp#27;[32mUser cant assign leave and get error Message bellow employee name&amp#27;[0m                                                                                                                                                 &amp#27;[90m# leaveStep.UnsuccessfulAssignLeave()&amp#27;[0m
]]></system-out>
    <system-err><![CDATA[Starting ChromeDriver 89.0.4389.23 (61b08ee2c50024bab004e48d2b1b083cdbdac579-refs/branch-heads/4389@{#294}) on port 37498
Only local connections are allowed.
Please see https://chromedriver.chromium.org/security-considerations for suggestions on keeping ChromeDriver safe.
ChromeDriver was started successfully.
[1622227318.592][WARNING]: This version of ChromeDriver has not been tested with Chrome version 90.
May 29, 2021 1:41:58 AM org.openqa.selenium.remote.ProtocolHandshake createSession
INFO: Detected dialect: W3C
]]></system-err>
  </testcase>
  <testcase name="When User 7 click leave button &amp; assign leave button" classname="Scenario: User successfully assign leave" time="0"/>
  <testcase name="And User input &quot;troy broe alssstor&quot; as employeeNameToLeave &amp; select leave type &amp; input &quot;2021-05-12&quot; as leaveFromDate &amp; input &quot;2021-05-12&quot; as leaveToDate &amp; select partial days" classname="Scenario: User successfully assign leave" time="0"/>
  <testcase name="And User User select duration days &amp; select time from &amp; select time to &amp; input &quot;bosen&quot; as commentLeave &amp; click assign button" classname="Scenario: User successfully assign leave" time="0"/>
  <testcase name="Then User successfully assign leave" classname="Scenario: User successfully assign leave" time="0"/>
  <testcase name="" classname="Scenario: User successfully assign leave" time="0.121"/>
  <testcase name="Given User 8 on homepage with authorization using &quot;Admin&quot; as username &amp; &quot;s3Kol4HQA!*&quot; as password" classname="Scenario: User search leave on the list" time="0">
    <system-out><![CDATA[Called openBrowser

  @assignLeave @positiveLeave
  Scenario: User successfully assign leave                                                                                                                                         &amp#27;[90m# features/leavePage.feature:12&amp#27;[0m
    &amp#27;[32mGiven &amp#27;[0m&amp#27;[32mUser 7 on homepage with authorization using "&amp#27;[0m&amp#27;[32m&amp#27;[1mAdmin&amp#27;[0m&amp#27;[32m" as username & "&amp#27;[0m&amp#27;[32m&amp#27;[1ms3Kol4HQA!*&amp#27;[0m&amp#27;[32m" as password&amp#27;[0m                                                                              &amp#27;[90m# leaveStep.VisitLoginPage5(String,String)&amp#27;[0m
    &amp#27;[32mWhen &amp#27;[0m&amp#27;[32mUser 7 click leave button & assign leave button&amp#27;[0m                                                                                                                           &amp#27;[90m# leaveStep.goToAssignLeave2()&amp#27;[0m
    &amp#27;[32mAnd &amp#27;[0m&amp#27;[32mUser input "&amp#27;[0m&amp#27;[32m&amp#27;[1mtroy broe alssstor&amp#27;[0m&amp#27;[32m" as employeeNameToLeave & select leave type & input "&amp#27;[0m&amp#27;[32m&amp#27;[1m2021-05-12&amp#27;[0m&amp#27;[32m" as leaveFromDate & input "&amp#27;[0m&amp#27;[32m&amp#27;[1m2021-05-12&amp#27;[0m&amp#27;[32m" as leaveToDate & select partial days&amp#27;[0m &amp#27;[90m# leaveStep.inputAssignLeave(String,String,String)&amp#27;[0m
    &amp#27;[32mAnd &amp#27;[0m&amp#27;[32mUser User select duration days & select time from & select time to & input "&amp#27;[0m&amp#27;[32m&amp#27;[1mbosen&amp#27;[0m&amp#27;[32m" as commentLeave & click assign button&amp#27;[0m                                                   &amp#27;[90m# leaveStep.InputAssignLeaveSpecified(String)&amp#27;[0m
    &amp#27;[32mThen &amp#27;[0m&amp#27;[32mUser successfully assign leave&amp#27;[0m                                                                                                                                            &amp#27;[90m# leaveStep.successfulAssignLeave()&amp#27;[0m
]]></system-out>
    <system-err><![CDATA[Starting ChromeDriver 89.0.4389.23 (61b08ee2c50024bab004e48d2b1b083cdbdac579-refs/branch-heads/4389@{#294}) on port 37467
Only local connections are allowed.
Please see https://chromedriver.chromium.org/security-considerations for suggestions on keeping ChromeDriver safe.
ChromeDriver was started successfully.
[1622227361.069][WARNING]: This version of ChromeDriver has not been tested with Chrome version 90.
May 29, 2021 1:42:41 AM org.openqa.selenium.remote.ProtocolHandshake createSession
INFO: Detected dialect: W3C
]]></system-err>
  </testcase>
  <testcase name="When User 8 click leave button" classname="Scenario: User search leave on the list" time="0"/>
  <testcase name="And User click check all status leave &amp; input &quot;ting wing dip&quot; as fullNameLeave &amp; click search button" classname="Scenario: User search leave on the list" time="0"/>
  <testcase name="Then User get the result on leave list" classname="Scenario: User search leave on the list" time="0">
    <system-out><![CDATA[successfully get data
]]></system-out>
  </testcase>
  <testcase name="" classname="Scenario: User search leave on the list" time="0.115"/>
</testsuite>