<?xml version="1.0" encoding="UTF-8"?>
<testsuite xmlns:xsi="http://www.w3.org/2001/XMLSchema-instance" xsi:noNamespaceSchemaLocation="https://maven.apache.org/surefire/maven-surefire-plugin/xsd/surefire-test-report-3.0.xsd" version="3.0" name="Scenario: User delete OAuth client data" time="151.612" tests="25" errors="0" skipped="0" failures="0">
  <properties>
    <property name="java.specification.version" value="15"/>
    <property name="webdriver.chrome.driver" value="C:/Users/caesa/Downloads/chromedriver.exe"/>
    <property name="sun.cpu.isalist" value="amd64"/>
    <property name="sun.jnu.encoding" value="Cp1252"/>
    <property name="java.class.path" value="C:\Users\caesa\Downloads\BigProject\target\test-classes;C:\Users\caesa\Downloads\BigProject\target\classes;C:\Users\caesa\.m2\repository\info\cukes\cucumber-java\1.2.5\cucumber-java-1.2.5.jar;C:\Users\caesa\.m2\repository\info\cukes\cucumber-core\1.2.5\cucumber-core-1.2.5.jar;C:\Users\caesa\.m2\repository\info\cukes\cucumber-html\0.2.3\cucumber-html-0.2.3.jar;C:\Users\caesa\.m2\repository\info\cukes\cucumber-jvm-deps\1.0.5\cucumber-jvm-deps-1.0.5.jar;C:\Users\caesa\.m2\repository\info\cukes\gherkin\2.12.2\gherkin-2.12.2.jar;C:\Users\caesa\.m2\repository\info\cukes\cucumber-junit\1.2.5\cucumber-junit-1.2.5.jar;C:\Users\caesa\.m2\repository\org\seleniumhq\selenium\selenium-java\3.141.59\selenium-java-3.141.59.jar;C:\Users\caesa\.m2\repository\org\seleniumhq\selenium\selenium-api\3.141.59\selenium-api-3.141.59.jar;C:\Users\caesa\.m2\repository\org\seleniumhq\selenium\selenium-chrome-driver\3.141.59\selenium-chrome-driver-3.141.59.jar;C:\Users\caesa\.m2\repository\org\seleniumhq\selenium\selenium-edge-driver\3.141.59\selenium-edge-driver-3.141.59.jar;C:\Users\caesa\.m2\repository\org\seleniumhq\selenium\selenium-firefox-driver\3.141.59\selenium-firefox-driver-3.141.59.jar;C:\Users\caesa\.m2\repository\org\seleniumhq\selenium\selenium-ie-driver\3.141.59\selenium-ie-driver-3.141.59.jar;C:\Users\caesa\.m2\repository\org\seleniumhq\selenium\selenium-opera-driver\3.141.59\selenium-opera-driver-3.141.59.jar;C:\Users\caesa\.m2\repository\org\seleniumhq\selenium\selenium-remote-driver\3.141.59\selenium-remote-driver-3.141.59.jar;C:\Users\caesa\.m2\repository\org\seleniumhq\selenium\selenium-safari-driver\3.141.59\selenium-safari-driver-3.141.59.jar;C:\Users\caesa\.m2\repository\org\seleniumhq\selenium\selenium-support\3.141.59\selenium-support-3.141.59.jar;C:\Users\caesa\.m2\repository\net\bytebuddy\byte-buddy\1.8.15\byte-buddy-1.8.15.jar;C:\Users\caesa\.m2\repository\org\apache\commons\commons-exec\1.3\commons-exec-1.3.jar;C:\Users\caesa\.m2\repository\com\google\guava\guava\25.0-jre\guava-25.0-jre.jar;C:\Users\caesa\.m2\repository\com\google\code\findbugs\jsr305\1.3.9\jsr305-1.3.9.jar;C:\Users\caesa\.m2\repository\org\checkerframework\checker-compat-qual\2.0.0\checker-compat-qual-2.0.0.jar;C:\Users\caesa\.m2\repository\com\google\errorprone\error_prone_annotations\2.1.3\error_prone_annotations-2.1.3.jar;C:\Users\caesa\.m2\repository\com\google\j2objc\j2objc-annotations\1.1\j2objc-annotations-1.1.jar;C:\Users\caesa\.m2\repository\org\codehaus\mojo\animal-sniffer-annotations\1.14\animal-sniffer-annotations-1.14.jar;C:\Users\caesa\.m2\repository\com\squareup\okhttp3\okhttp\3.11.0\okhttp-3.11.0.jar;C:\Users\caesa\.m2\repository\com\squareup\okio\okio\1.14.0\okio-1.14.0.jar;C:\Users\caesa\.m2\repository\junit\junit\4.13.1\junit-4.13.1.jar;C:\Users\caesa\.m2\repository\org\hamcrest\hamcrest-core\1.3\hamcrest-core-1.3.jar;C:\Users\caesa\.m2\repository\org\apache\logging\log4j\log4j-core\2.14.0\log4j-core-2.14.0.jar;C:\Users\caesa\.m2\repository\org\apache\logging\log4j\log4j-api\2.14.0\log4j-api-2.14.0.jar;C:\Users\caesa\.m2\repository\org\apache\poi\poi-ooxml\3.9\poi-ooxml-3.9.jar;C:\Users\caesa\.m2\repository\org\apache\poi\poi-ooxml-schemas\3.9\poi-ooxml-schemas-3.9.jar;C:\Users\caesa\.m2\repository\org\apache\xmlbeans\xmlbeans\2.3.0\xmlbeans-2.3.0.jar;C:\Users\caesa\.m2\repository\stax\stax-api\1.0.1\stax-api-1.0.1.jar;C:\Users\caesa\.m2\repository\dom4j\dom4j\1.6.1\dom4j-1.6.1.jar;C:\Users\caesa\.m2\repository\org\apache\poi\poi\5.0.0\poi-5.0.0.jar;C:\Users\caesa\.m2\repository\org\slf4j\slf4j-api\1.7.30\slf4j-api-1.7.30.jar;C:\Users\caesa\.m2\repository\org\slf4j\jcl-over-slf4j\1.7.30\jcl-over-slf4j-1.7.30.jar;C:\Users\caesa\.m2\repository\commons-codec\commons-codec\1.15\commons-codec-1.15.jar;C:\Users\caesa\.m2\repository\org\apache\commons\commons-collections4\4.4\commons-collections4-4.4.jar;C:\Users\caesa\.m2\repository\org\apache\commons\commons-math3\3.6.1\commons-math3-3.6.1.jar;C:\Users\caesa\.m2\repository\com\zaxxer\SparseBitSet\1.2\SparseBitSet-1.2.jar;C:\Users\caesa\.m2\repository\xml-apis\xml-apis\1.0.b2\xml-apis-1.0.b2.jar;C:\Users\caesa\.m2\repository\xerces\xercesImpl\2.12.1\xercesImpl-2.12.1.jar;"/>
    <property name="java.vm.vendor" value="Oracle Corporation"/>
    <property name="sun.arch.data.model" value="64"/>
    <property name="user.variant" value=""/>
    <property name="java.vendor.url" value="https://java.oracle.com/"/>
    <property name="user.timezone" value="Asia/Jakarta"/>
    <property name="os.name" value="Windows 10"/>
    <property name="java.vm.specification.version" value="15"/>
    <property name="sun.java.launcher" value="SUN_STANDARD"/>
    <property name="user.country" value="ID"/>
    <property name="sun.boot.library.path" value="C:\Users\caesa\Downloads\eclipse-java-2020-12-R-win32-x86_64\eclipse\plugins\org.eclipse.justj.openjdk.hotspot.jre.full.win32.x86_64_15.0.1.v20201027-0507\jre\bin"/>
    <property name="sun.java.command" value="C:\Users\caesa\AppData\Local\Temp\surefire12770474845033190226\surefirebooter11577093279817361630.jar C:\Users\caesa\AppData\Local\Temp\surefire12770474845033190226 2021-05-28T18-31-42_933-jvmRun1 surefire7284045000321814035tmp surefire_05451496125041929181tmp"/>
    <property name="jdk.debug" value="release"/>
    <property name="surefire.test.class.path" value="C:\Users\caesa\Downloads\BigProject\target\test-classes;C:\Users\caesa\Downloads\BigProject\target\classes;C:\Users\caesa\.m2\repository\info\cukes\cucumber-java\1.2.5\cucumber-java-1.2.5.jar;C:\Users\caesa\.m2\repository\info\cukes\cucumber-core\1.2.5\cucumber-core-1.2.5.jar;C:\Users\caesa\.m2\repository\info\cukes\cucumber-html\0.2.3\cucumber-html-0.2.3.jar;C:\Users\caesa\.m2\repository\info\cukes\cucumber-jvm-deps\1.0.5\cucumber-jvm-deps-1.0.5.jar;C:\Users\caesa\.m2\repository\info\cukes\gherkin\2.12.2\gherkin-2.12.2.jar;C:\Users\caesa\.m2\repository\info\cukes\cucumber-junit\1.2.5\cucumber-junit-1.2.5.jar;C:\Users\caesa\.m2\repository\org\seleniumhq\selenium\selenium-java\3.141.59\selenium-java-3.141.59.jar;C:\Users\caesa\.m2\repository\org\seleniumhq\selenium\selenium-api\3.141.59\selenium-api-3.141.59.jar;C:\Users\caesa\.m2\repository\org\seleniumhq\selenium\selenium-chrome-driver\3.141.59\selenium-chrome-driver-3.141.59.jar;C:\Users\caesa\.m2\repository\org\seleniumhq\selenium\selenium-edge-driver\3.141.59\selenium-edge-driver-3.141.59.jar;C:\Users\caesa\.m2\repository\org\seleniumhq\selenium\selenium-firefox-driver\3.141.59\selenium-firefox-driver-3.141.59.jar;C:\Users\caesa\.m2\repository\org\seleniumhq\selenium\selenium-ie-driver\3.141.59\selenium-ie-driver-3.141.59.jar;C:\Users\caesa\.m2\repository\org\seleniumhq\selenium\selenium-opera-driver\3.141.59\selenium-opera-driver-3.141.59.jar;C:\Users\caesa\.m2\repository\org\seleniumhq\selenium\selenium-remote-driver\3.141.59\selenium-remote-driver-3.141.59.jar;C:\Users\caesa\.m2\repository\org\seleniumhq\selenium\selenium-safari-driver\3.141.59\selenium-safari-driver-3.141.59.jar;C:\Users\caesa\.m2\repository\org\seleniumhq\selenium\selenium-support\3.141.59\selenium-support-3.141.59.jar;C:\Users\caesa\.m2\repository\net\bytebuddy\byte-buddy\1.8.15\byte-buddy-1.8.15.jar;C:\Users\caesa\.m2\repository\org\apache\commons\commons-exec\1.3\commons-exec-1.3.jar;C:\Users\caesa\.m2\repository\com\google\guava\guava\25.0-jre\guava-25.0-jre.jar;C:\Users\caesa\.m2\repository\com\google\code\findbugs\jsr305\1.3.9\jsr305-1.3.9.jar;C:\Users\caesa\.m2\repository\org\checkerframework\checker-compat-qual\2.0.0\checker-compat-qual-2.0.0.jar;C:\Users\caesa\.m2\repository\com\google\errorprone\error_prone_annotations\2.1.3\error_prone_annotations-2.1.3.jar;C:\Users\caesa\.m2\repository\com\google\j2objc\j2objc-annotations\1.1\j2objc-annotations-1.1.jar;C:\Users\caesa\.m2\repository\org\codehaus\mojo\animal-sniffer-annotations\1.14\animal-sniffer-annotations-1.14.jar;C:\Users\caesa\.m2\repository\com\squareup\okhttp3\okhttp\3.11.0\okhttp-3.11.0.jar;C:\Users\caesa\.m2\repository\com\squareup\okio\okio\1.14.0\okio-1.14.0.jar;C:\Users\caesa\.m2\repository\junit\junit\4.13.1\junit-4.13.1.jar;C:\Users\caesa\.m2\repository\org\hamcrest\hamcrest-core\1.3\hamcrest-core-1.3.jar;C:\Users\caesa\.m2\repository\org\apache\logging\log4j\log4j-core\2.14.0\log4j-core-2.14.0.jar;C:\Users\caesa\.m2\repository\org\apache\logging\log4j\log4j-api\2.14.0\log4j-api-2.14.0.jar;C:\Users\caesa\.m2\repository\org\apache\poi\poi-ooxml\3.9\poi-ooxml-3.9.jar;C:\Users\caesa\.m2\repository\org\apache\poi\poi-ooxml-schemas\3.9\poi-ooxml-schemas-3.9.jar;C:\Users\caesa\.m2\repository\org\apache\xmlbeans\xmlbeans\2.3.0\xmlbeans-2.3.0.jar;C:\Users\caesa\.m2\repository\stax\stax-api\1.0.1\stax-api-1.0.1.jar;C:\Users\caesa\.m2\repository\dom4j\dom4j\1.6.1\dom4j-1.6.1.jar;C:\Users\caesa\.m2\repository\org\apache\poi\poi\5.0.0\poi-5.0.0.jar;C:\Users\caesa\.m2\repository\org\slf4j\slf4j-api\1.7.30\slf4j-api-1.7.30.jar;C:\Users\caesa\.m2\repository\org\slf4j\jcl-over-slf4j\1.7.30\jcl-over-slf4j-1.7.30.jar;C:\Users\caesa\.m2\repository\commons-codec\commons-codec\1.15\commons-codec-1.15.jar;C:\Users\caesa\.m2\repository\org\apache\commons\commons-collections4\4.4\commons-collections4-4.4.jar;C:\Users\caesa\.m2\repository\org\apache\commons\commons-math3\3.6.1\commons-math3-3.6.1.jar;C:\Users\caesa\.m2\repository\com\zaxxer\SparseBitSet\1.2\SparseBitSet-1.2.jar;C:\Users\caesa\.m2\repository\xml-apis\xml-apis\1.0.b2\xml-apis-1.0.b2.jar;C:\Users\caesa\.m2\repository\xerces\xercesImpl\2.12.1\xercesImpl-2.12.1.jar;"/>
    <property name="sun.cpu.endian" value="little"/>
    <property name="user.home" value="C:\Users\caesa"/>
    <property name="user.language" value="en"/>
    <property name="java.specification.vendor" value="Oracle Corporation"/>
    <property name="java.version.date" value="2020-10-20"/>
    <property name="java.home" value="C:\Users\caesa\Downloads\eclipse-java-2020-12-R-win32-x86_64\eclipse\plugins\org.eclipse.justj.openjdk.hotspot.jre.full.win32.x86_64_15.0.1.v20201027-0507\jre"/>
    <property name="file.separator" value="\"/>
    <property name="basedir" value="C:\Users\caesa\Downloads\BigProject"/>
    <property name="java.vm.compressedOopsMode" value="32-bit"/>
    <property name="line.separator" value="&#10;"/>
    <property name="java.vm.specification.vendor" value="Oracle Corporation"/>
    <property name="java.specification.name" value="Java Platform API Specification"/>
    <property name="surefire.real.class.path" value="C:\Users\caesa\AppData\Local\Temp\surefire12770474845033190226\surefirebooter11577093279817361630.jar"/>
    <property name="user.script" value=""/>
    <property name="sun.management.compiler" value="HotSpot 64-Bit Tiered Compilers"/>
    <property name="java.runtime.version" value="15.0.1+9-18"/>
    <property name="user.name" value="caesa"/>
    <property name="path.separator" value=";"/>
    <property name="os.version" value="10.0"/>
    <property name="java.runtime.name" value="OpenJDK Runtime Environment"/>
    <property name="file.encoding" value="Cp1252"/>
    <property name="java.vm.name" value="OpenJDK 64-Bit Server VM"/>
    <property name="localRepository" value="C:\Users\caesa\.m2\repository"/>
    <property name="java.vendor.url.bug" value="https://bugreport.java.com/bugreport/"/>
    <property name="java.io.tmpdir" value="C:\Users\caesa\AppData\Local\Temp\"/>
    <property name="java.version" value="15.0.1"/>
    <property name="user.dir" value="C:\Users\caesa\Downloads\BigProject"/>
    <property name="os.arch" value="amd64"/>
    <property name="java.vm.specification.name" value="Java Virtual Machine Specification"/>
    <property name="sun.os.patch.level" value=""/>
    <property name="java.library.path" value="C:\Users\caesa\Downloads\eclipse-java-2020-12-R-win32-x86_64\eclipse\plugins\org.eclipse.justj.openjdk.hotspot.jre.full.win32.x86_64_15.0.1.v20201027-0507\jre\bin;C:\Windows\Sun\Java\bin;C:\Windows\system32;C:\Windows;C:/Users/caesa/Downloads/eclipse-java-2020-12-R-win32-x86_64/eclipse//plugins/org.eclipse.justj.openjdk.hotspot.jre.full.win32.x86_64_15.0.1.v20201027-0507/jre/bin/server;C:/Users/caesa/Downloads/eclipse-java-2020-12-R-win32-x86_64/eclipse//plugins/org.eclipse.justj.openjdk.hotspot.jre.full.win32.x86_64_15.0.1.v20201027-0507/jre/bin;C:\Python27\;C:\Python27\Scripts;C:\Program Files\Common Files\Oracle\Java\javapath;C:\Windows\system32;C:\Windows;C:\Windows\System32\Wbem;C:\Windows\System32\WindowsPowerShell\v1.0\;C:\Windows\System32\OpenSSH\;C:\Program Files\Java\jdk-15.0.2;C:\Users\caesa\apache maven\apache-maven-3.6.3\bin;C:\Program Files\nodejs\;C:\Users\caesa\.katalon\tools\android_sdk\tools;C:\Users\caesa\.katalon\tools\android_sdk\bin;C:\Program Files\Git\cmd;C:\Users\caesa\AppData\Local\Microsoft\WindowsApps;C:\Users\caesa\AppData\Roaming\npm;C:\Users\caesa\Downloads\eclipse-java-2020-12-R-win32-x86_64\eclipse;;."/>
    <property name="java.vm.info" value="mixed mode"/>
    <property name="java.vendor" value="Oracle Corporation"/>
    <property name="java.vm.version" value="15.0.1+9-18"/>
    <property name="sun.io.unicode.encoding" value="UnicodeLittle"/>
    <property name="java.class.version" value="59.0"/>
  </properties>
  <testcase name="Given User 1 on homepage with authorization using &quot;Admin&quot; as username &amp; &quot;s3Kol4HQA!*&quot; as password" classname="Scenario: Add new user data" time="0.002">
    <system-out><![CDATA[@Admin
Feature: Search add and delete data on Admin Page
Called openBrowser
]]></system-out>
    <system-err><![CDATA[Starting ChromeDriver 90.0.4430.24 (4c6d850f087da467d926e8eddb76550aed655991-refs/branch-heads/4430@{#429}) on port 17033
Only local connections are allowed.
Please see https://chromedriver.chromium.org/security-considerations for suggestions on keeping ChromeDriver safe.
ChromeDriver was started successfully.
May 28, 2021 6:31:47 PM org.openqa.selenium.remote.ProtocolHandshake createSession
INFO: Detected dialect: W3C
]]></system-err>
  </testcase>
  <testcase name="When User 1 click Admin button and click add button to go to add user page" classname="Scenario: Add new user data" time="0.001"/>
  <testcase name="And User select Admin as role &amp; input &quot;kim jong un&quot; as employeeUserName &amp; input &quot;TinyWiniBity&quot; as userName &amp; input &quot;s3Kol4HQA!*&quot; as userPassword &amp; input &quot;s3Kol4HQA!*&quot; as userRePass &amp; click save button" classname="Scenario: Add new user data" time="0.001"/>
  <testcase name="Then User succesfully add new user data" classname="Scenario: Add new user data" time="0">
    <system-out><![CDATA[Username Already Exist
]]></system-out>
  </testcase>
  <testcase name="" classname="Scenario: Add new user data" time="0.754"/>
  <testcase name="Given User 2 on homepage with authorization using &quot;Admin&quot; as username &amp; &quot;s3Kol4HQA!*&quot; as password" classname="Scenario: User verify user data entered exist" time="0">
    <system-out><![CDATA[Called openBrowser

  @AddData
  Scenario: Add new user data                                                                                                                                                                                &amp#27;[90m# features/adminPage.feature:6&amp#27;[0m
    &amp#27;[32mGiven &amp#27;[0m&amp#27;[32mUser 1 on homepage with authorization using "&amp#27;[0m&amp#27;[32m&amp#27;[1mAdmin&amp#27;[0m&amp#27;[32m" as username & "&amp#27;[0m&amp#27;[32m&amp#27;[1ms3Kol4HQA!*&amp#27;[0m&amp#27;[32m" as password&amp#27;[0m                                                                                                        &amp#27;[90m# AdminStep.VisitLoginPage2(String,String)&amp#27;[0m
    &amp#27;[32mWhen &amp#27;[0m&amp#27;[32mUser 1 click Admin button and click add button to go to add user page&amp#27;[0m                                                                                                                               &amp#27;[90m# AdminStep.goToAdminPageToAddUser()&amp#27;[0m
    &amp#27;[32mAnd &amp#27;[0m&amp#27;[32mUser select Admin as role & input "&amp#27;[0m&amp#27;[32m&amp#27;[1mkim jong un&amp#27;[0m&amp#27;[32m" as employeeUserName & input "&amp#27;[0m&amp#27;[32m&amp#27;[1mTinyWiniBity&amp#27;[0m&amp#27;[32m" as userName & input "&amp#27;[0m&amp#27;[32m&amp#27;[1ms3Kol4HQA!*&amp#27;[0m&amp#27;[32m" as userPassword & input "&amp#27;[0m&amp#27;[32m&amp#27;[1ms3Kol4HQA!*&amp#27;[0m&amp#27;[32m" as userRePass & click save button&amp#27;[0m &amp#27;[90m# AdminStep.inputCredentialToAddUser(String,String,String,String)&amp#27;[0m
    &amp#27;[32mThen &amp#27;[0m&amp#27;[32mUser succesfully add new user data&amp#27;[0m                                                                                                                                                                  &amp#27;[90m# AdminStep.userSuccessfullAddNewUser()&amp#27;[0m
]]></system-out>
    <system-err><![CDATA[Starting ChromeDriver 90.0.4430.24 (4c6d850f087da467d926e8eddb76550aed655991-refs/branch-heads/4430@{#429}) on port 44134
Only local connections are allowed.
Please see https://chromedriver.chromium.org/security-considerations for suggestions on keeping ChromeDriver safe.
ChromeDriver was started successfully.
May 28, 2021 6:32:34 PM org.openqa.selenium.remote.ProtocolHandshake createSession
INFO: Detected dialect: W3C
]]></system-err>
  </testcase>
  <testcase name="When User 2 click Admin button" classname="Scenario: User verify user data entered exist" time="0"/>
  <testcase name="And User input &quot;TinyWiniBity&quot; as userName &amp; click search button" classname="Scenario: User verify user data entered exist" time="0"/>
  <testcase name="Then User get user data on the list" classname="Scenario: User verify user data entered exist" time="0">
    <system-out><![CDATA[successfully get data
]]></system-out>
  </testcase>
  <testcase name="" classname="Scenario: User verify user data entered exist" time="0.785"/>
  <testcase name="Given User 3 on homepage with authorization using &quot;Admin&quot; as username &amp; &quot;s3Kol4HQA!*&quot; as password" classname="Scenario: User looking for random data" time="0">
    <system-out><![CDATA[Called openBrowser

  @SearchData
  Scenario: User verify user data entered exist                                                       &amp#27;[90m# features/adminPage.feature:13&amp#27;[0m
    &amp#27;[32mGiven &amp#27;[0m&amp#27;[32mUser 2 on homepage with authorization using "&amp#27;[0m&amp#27;[32m&amp#27;[1mAdmin&amp#27;[0m&amp#27;[32m" as username & "&amp#27;[0m&amp#27;[32m&amp#27;[1ms3Kol4HQA!*&amp#27;[0m&amp#27;[32m" as password&amp#27;[0m &amp#27;[90m# AdminStep.VisitLoginPage3(String,String)&amp#27;[0m
    &amp#27;[32mWhen &amp#27;[0m&amp#27;[32mUser 2 click Admin button&amp#27;[0m                                                                    &amp#27;[90m# AdminStep.goToAdminPageSearchToUser()&amp#27;[0m
    &amp#27;[32mAnd &amp#27;[0m&amp#27;[32mUser input "&amp#27;[0m&amp#27;[32m&amp#27;[1mTinyWiniBity&amp#27;[0m&amp#27;[32m" as userName & click search button&amp#27;[0m                                   &amp#27;[90m# AdminStep.inputCredentialToSearchUser(String)&amp#27;[0m
    &amp#27;[32mThen &amp#27;[0m&amp#27;[32mUser get user data on the list&amp#27;[0m                                                               &amp#27;[90m# AdminStep.GetUser()&amp#27;[0m
]]></system-out>
    <system-err><![CDATA[Starting ChromeDriver 90.0.4430.24 (4c6d850f087da467d926e8eddb76550aed655991-refs/branch-heads/4430@{#429}) on port 19311
Only local connections are allowed.
Please see https://chromedriver.chromium.org/security-considerations for suggestions on keeping ChromeDriver safe.
ChromeDriver was started successfully.
May 28, 2021 6:32:54 PM org.openqa.selenium.remote.ProtocolHandshake createSession
INFO: Detected dialect: W3C
]]></system-err>
  </testcase>
  <testcase name="When Users 3 click Admin button" classname="Scenario: User looking for random data" time="0"/>
  <testcase name="And User input &quot;rere&quot; as xUserNamee &amp; click search button" classname="Scenario: User looking for random data" time="0.001"/>
  <testcase name="Then User get notFoundMessage on the list" classname="Scenario: User looking for random data" time="0"/>
  <testcase name="" classname="Scenario: User looking for random data" time="0.798"/>
  <testcase name="Given User 4 on homepage with authorization using &quot;Admin&quot; as username &amp; &quot;s3Kol4HQA!*&quot; as password" classname="Scenario: User register OAuth client" time="0">
    <system-out><![CDATA[Called openBrowser

  @SearchRandomData
  Scenario: User looking for random data                                                              &amp#27;[90m# features/adminPage.feature:20&amp#27;[0m
    &amp#27;[32mGiven &amp#27;[0m&amp#27;[32mUser 3 on homepage with authorization using "&amp#27;[0m&amp#27;[32m&amp#27;[1mAdmin&amp#27;[0m&amp#27;[32m" as username & "&amp#27;[0m&amp#27;[32m&amp#27;[1ms3Kol4HQA!*&amp#27;[0m&amp#27;[32m" as password&amp#27;[0m &amp#27;[90m# AdminStep.VisitLoginPage4(String,String)&amp#27;[0m
    &amp#27;[32mWhen &amp#27;[0m&amp#27;[32mUsers 3 click Admin button&amp#27;[0m                                                                   &amp#27;[90m# AdminStep.goToAdminPageSearchToXUser()&amp#27;[0m
    &amp#27;[32mAnd &amp#27;[0m&amp#27;[32mUser input "&amp#27;[0m&amp#27;[32m&amp#27;[1mrere&amp#27;[0m&amp#27;[32m" as xUserNamee & click search button&amp#27;[0m                                         &amp#27;[90m# AdminStep.inputCredentialToSearchXUser(String)&amp#27;[0m
    &amp#27;[32mThen &amp#27;[0m&amp#27;[32mUser get notFoundMessage on the list&amp#27;[0m                                                         &amp#27;[90m# AdminStep.xGetUser()&amp#27;[0m
]]></system-out>
    <system-err><![CDATA[Starting ChromeDriver 90.0.4430.24 (4c6d850f087da467d926e8eddb76550aed655991-refs/branch-heads/4430@{#429}) on port 31140
Only local connections are allowed.
Please see https://chromedriver.chromium.org/security-considerations for suggestions on keeping ChromeDriver safe.
ChromeDriver was started successfully.
May 28, 2021 6:33:16 PM org.openqa.selenium.remote.ProtocolHandshake createSession
INFO: Detected dialect: W3C
]]></system-err>
  </testcase>
  <testcase name="When User 4 click Admin button &amp; click configuration button &amp; click register OAuth client button" classname="Scenario: User register OAuth client" time="0"/>
  <testcase name="And User input &quot;rere&quot; as oAuthId &amp; input &quot;123&quot; as oAuthSecret &amp; input &quot;[ https://orangehrm.github.io/orangehrm-api-doc ].&quot; as oAuthUrl &amp; click button save" classname="Scenario: User register OAuth client" time="0"/>
  <testcase name="Then User successfully register OAuth client" classname="Scenario: User register OAuth client" time="0"/>
  <testcase name="" classname="Scenario: User register OAuth client" time="0.726"/>
  <testcase name="Given User 5 on homepage with authorization using &quot;Admin&quot; as username &amp; &quot;s3Kol4HQA!*&quot; as password" classname="Scenario: User delete OAuth client data" time="0">
    <system-out><![CDATA[Called openBrowser

  @regOAuthClient
  Scenario: User register OAuth client                                                                                                                         &amp#27;[90m# features/adminPage.feature:28&amp#27;[0m
    &amp#27;[32mGiven &amp#27;[0m&amp#27;[32mUser 4 on homepage with authorization using "&amp#27;[0m&amp#27;[32m&amp#27;[1mAdmin&amp#27;[0m&amp#27;[32m" as username & "&amp#27;[0m&amp#27;[32m&amp#27;[1ms3Kol4HQA!*&amp#27;[0m&amp#27;[32m" as password&amp#27;[0m                                                          &amp#27;[90m# AdminStep.VisitLoginPage5(String,String)&amp#27;[0m
    &amp#27;[32mWhen &amp#27;[0m&amp#27;[32mUser 4 click Admin button & click configuration button & click register OAuth client button&amp#27;[0m                                                           &amp#27;[90m# AdminStep.userGoToRegOAuthClient()&amp#27;[0m
    &amp#27;[32mAnd &amp#27;[0m&amp#27;[32mUser input "&amp#27;[0m&amp#27;[32m&amp#27;[1mrere&amp#27;[0m&amp#27;[32m" as oAuthId & input "&amp#27;[0m&amp#27;[32m&amp#27;[1m123&amp#27;[0m&amp#27;[32m" as oAuthSecret & input "&amp#27;[0m&amp#27;[32m&amp#27;[1m[ https://orangehrm.github.io/orangehrm-api-doc ].&amp#27;[0m&amp#27;[32m" as oAuthUrl & click button save&amp#27;[0m &amp#27;[90m# AdminStep.inputCredentialToRegOAuthClient(String,String,String)&amp#27;[0m
    &amp#27;[32mThen &amp#27;[0m&amp#27;[32mUser successfully register OAuth client&amp#27;[0m                                                                                                               &amp#27;[90m# AdminStep.successfullyRegisterOAuthClient()&amp#27;[0m
]]></system-out>
    <system-err><![CDATA[Starting ChromeDriver 90.0.4430.24 (4c6d850f087da467d926e8eddb76550aed655991-refs/branch-heads/4430@{#429}) on port 17570
Only local connections are allowed.
Please see https://chromedriver.chromium.org/security-considerations for suggestions on keeping ChromeDriver safe.
ChromeDriver was started successfully.
May 28, 2021 6:33:41 PM org.openqa.selenium.remote.ProtocolHandshake createSession
INFO: Detected dialect: W3C
]]></system-err>
  </testcase>
  <testcase name="When User 5 click Admin button &amp; click configuration button &amp; click register OAuth client button" classname="Scenario: User delete OAuth client data" time="0.001"/>
  <testcase name="And User click one of data to be delete &amp; click ok button" classname="Scenario: User delete OAuth client data" time="0"/>
  <testcase name="Then User successfully delete OAuth client data" classname="Scenario: User delete OAuth client data" time="0"/>
  <testcase name="" classname="Scenario: User delete OAuth client data" time="0.811"/>
</testsuite>